Using pre-set license
Built from '2020.3/staging' branch; Version is '2020.3.13f1 (71691879b7f5) revision 7432472'; Using compiler version '192528614'; Build Type 'Release'
OS: 'Windows 10 Home; OS build 19043.1052; Version 2009; 64bit' Language: 'en' Physical Memory: 8173 MB
BatchMode: 1, IsHumanControllingUs: 0, StartBugReporterOnCrash: 0, Is64bit: 1, IsPro: 0

 COMMAND LINE ARGUMENTS:
C:\Program Files\Unity\Hub\Editor\2020.3.13f1\Editor\Unity.exe
-adb2
-batchMode
-noUpm
-name
AssetImportWorker0
-projectPath
C:/Work/Ecomap/App/v2
-logFile
Logs/AssetImportWorker0.log
-srvPort
60908
Successfully changed project path to: C:/Work/Ecomap/App/v2
C:/Work/Ecomap/App/v2
Using Asset Import Pipeline V2.
Refreshing native plugins compatible for Editor in 106.33 ms, found 3 plugins.
Preloading 0 native plugins for Editor in 0.00 ms.
Initialize engine version: 2020.3.13f1 (71691879b7f5)
[Subsystems] Discovering subsystems at path C:/Program Files/Unity/Hub/Editor/2020.3.13f1/Editor/Data/Resources/UnitySubsystems
[Subsystems] Discovering subsystems at path C:/Work/Ecomap/App/v2/Assets
GfxDevice: creating device client; threaded=0
Direct3D:
    Version:  Direct3D 11.0 [level 11.0]
    Renderer: NVIDIA GeForce GT 525M (ID=0xdec)
    Vendor:   
    VRAM:     978 MB
    Driver:   21.21.13.7654
Initialize mono
Mono path[0] = 'C:/Program Files/Unity/Hub/Editor/2020.3.13f1/Editor/Data/Managed'
Mono path[1] = 'C:/Program Files/Unity/Hub/Editor/2020.3.13f1/Editor/Data/MonoBleedingEdge/lib/mono/unityjit'
Mono config path = 'C:/Program Files/Unity/Hub/Editor/2020.3.13f1/Editor/Data/MonoBleedingEdge/etc'
Using monoOptions --debugger-agent=transport=dt_socket,embedding=1,server=y,suspend=n,address=127.0.0.1:56676
Begin MonoManager ReloadAssembly
Registering precompiled unity dll's ...
Register platform support module: C:/Program Files/Unity/Hub/Editor/2020.3.13f1/Editor/Data/PlaybackEngines/WebGLSupport/UnityEditor.WebGL.Extensions.dll
Register platform support module: C:/Program Files/Unity/Hub/Editor/2020.3.13f1/Editor/Data/PlaybackEngines/WindowsStandaloneSupport/UnityEditor.WindowsStandalone.Extensions.dll
Registered in 0.004190 seconds.
Native extension for WindowsStandalone target not found
Native extension for WebGL target not found
Refreshing native plugins compatible for Editor in 139.60 ms, found 3 plugins.
Preloading 0 native plugins for Editor in 0.00 ms.
Mono: successfully reloaded assembly
- Completed reload, in 11.335 seconds
Platform modules already initialized, skipping
Registering precompiled user dll's ...
Registered in 0.043907 seconds.
Begin MonoManager ReloadAssembly
Native extension for WindowsStandalone target not found
Native extension for WebGL target not found
Refreshing native plugins compatible for Editor in 1.42 ms, found 3 plugins.
Preloading 0 native plugins for Editor in 0.00 ms.
Mono: successfully reloaded assembly
- Completed reload, in  2.228 seconds
Platform modules already initialized, skipping
========================================================================
Worker process is ready to serve import requests
Launched and connected shader compiler UnityShaderCompiler.exe after 0.08 seconds
Refreshing native plugins compatible for Editor in 1.16 ms, found 3 plugins.
Preloading 0 native plugins for Editor in 0.00 ms.
Unloading 2108 Unused Serialized files (Serialized files now loaded: 0)
System memory in use before: 85.5 MB.
System memory in use after: 85.6 MB.

Unloading 70 unused Assets to reduce memory usage. Loaded Objects now: 2499.
Total: 7.978300 ms (FindLiveObjects: 0.231200 ms CreateObjectMapping: 0.096200 ms MarkObjects: 7.509800 ms  DeleteObjects: 0.138700 ms)

AssetImportParameters requested are different than current active one (requested -> active):
  custom:framework-win-MediaFoundation: 216162199b28c13a410421893ffa2e32 -> 
  custom:video-decoder-ogg-theora: a1e56fd34408186e4bbccfd4996cb3dc -> 
  custom:container-muxer-webm: aa71ff27fc2769a1b78a27578f13a17b -> 
  custom:container-demuxer-webm: 4f35f7cbe854078d1ac9338744f61a02 -> 
  custom:container-demuxer-ogg: 62fdf1f143b41e24485cea50d1cbac27 -> 
  custom:video-encoder-webm-vp8: eb34c28f22e8b96e1ab97ce403110664 -> 
  custom:video-decoder-webm-vp8: 9c59270c3fd7afecdb556c50c9e8de78 -> 
  custom:audio-decoder-ogg-vorbis: bf7c407c2cedff20999df2af8eb42d56 -> 
  custom:audio-encoder-webm-vorbis: bf7c407c2cedff20999df2af8eb42d56 -> 
========================================================================
Received Import Request.
  path: Assets/Scripts/Question banks/Question.cs
  artifactKey: Guid(e71f610f06f8d4c4ea1323279966e88c) Importer(815301076,1909f56bfc062723c751e8b465ee728b)
Start importing Assets/Scripts/Question banks/Question.cs using Guid(e71f610f06f8d4c4ea1323279966e88c) Importer(815301076,1909f56bfc062723c751e8b465ee728b)  -> (artifact id: 'f637cf87c4cde194b7e7b836f4027345') in 0.043798 seconds 
  Import took 0.050955 seconds .

========================================================================
Received Import Request.
  Time since last request: 57.719326 seconds.
  path: Assets/Scripts/Question banks/Question.cs
  artifactKey: Guid(e71f610f06f8d4c4ea1323279966e88c) Importer(815301076,1909f56bfc062723c751e8b465ee728b)
Start importing Assets/Scripts/Question banks/Question.cs using Guid(e71f610f06f8d4c4ea1323279966e88c) Importer(815301076,1909f56bfc062723c751e8b465ee728b)  -> (artifact id: '606d789af1c22934a4be02d3b99f2c99') in 0.026414 seconds 
  Import took 0.036784 seconds .

========================================================================
Received Import Request.
  Time since last request: 141.259081 seconds.
  path: Assets/Scripts/Question banks/ForestAnimalQuestionBank.cs
  artifactKey: Guid(62a808f84cf8c73f1b5f79d7b7a60ecc) Importer(815301076,1909f56bfc062723c751e8b465ee728b)
Start importing Assets/Scripts/Question banks/ForestAnimalQuestionBank.cs using Guid(62a808f84cf8c73f1b5f79d7b7a60ecc) Importer(815301076,1909f56bfc062723c751e8b465ee728b)  -> (artifact id: 'd929d96b1f5221ec61492644316fc67b') in 0.013346 seconds 
  Import took 0.021555 seconds .

========================================================================
Received Import Request.
  Time since last request: 0.047424 seconds.
  path: Assets/Scripts/Question banks/ForestAnimalQuestionBank.cs
  artifactKey: Guid(62a808f84cf8c73f1b5f79d7b7a60ecc) Importer(815301076,1909f56bfc062723c751e8b465ee728b)
Start importing Assets/Scripts/Question banks/ForestAnimalQuestionBank.cs using Guid(62a808f84cf8c73f1b5f79d7b7a60ecc) Importer(815301076,1909f56bfc062723c751e8b465ee728b)  -> (artifact id: 'd929d96b1f5221ec61492644316fc67b') in 0.007460 seconds 
  Import took 0.016067 seconds .

========================================================================
Received Import Request.
  Time since last request: 69.117076 seconds.
  path: Assets/Scripts/Question banks/ForestAnimalQuestionBank.cs
  artifactKey: Guid(62a808f84cf8c73f1b5f79d7b7a60ecc) Importer(815301076,1909f56bfc062723c751e8b465ee728b)
Start importing Assets/Scripts/Question banks/ForestAnimalQuestionBank.cs using Guid(62a808f84cf8c73f1b5f79d7b7a60ecc) Importer(815301076,1909f56bfc062723c751e8b465ee728b)  -> (artifact id: 'babae5d5e6a93334dad8d2bd09e68b3d') in 0.006361 seconds 
  Import took 0.020463 seconds .

========================================================================
Received Import Request.
  Time since last request: 59.938992 seconds.
  path: Assets/Scripts/Question banks/ForestAnimalQuestionBank.cs
  artifactKey: Guid(62a808f84cf8c73f1b5f79d7b7a60ecc) Importer(815301076,1909f56bfc062723c751e8b465ee728b)
Start importing Assets/Scripts/Question banks/ForestAnimalQuestionBank.cs using Guid(62a808f84cf8c73f1b5f79d7b7a60ecc) Importer(815301076,1909f56bfc062723c751e8b465ee728b)  -> (artifact id: '886ca8a3df1d9f8f9f0f4d0c83127822') in 0.026064 seconds 
  Import took 0.033052 seconds .

========================================================================
Received Prepare
Registering precompiled user dll's ...
Registered in 0.017429 seconds.
Begin MonoManager ReloadAssembly
Native extension for WindowsStandalone target not found
Native extension for WebGL target not found
Refreshing native plugins compatible for Editor in 1.23 ms, found 3 plugins.
Preloading 0 native plugins for Editor in 0.00 ms.
Mono: successfully reloaded assembly
- Completed reload, in  1.808 seconds
Platform modules already initialized, skipping
Switching build target platform(19) subTarget(0) extendedPlatform(0) -> platform(13) subTarget(537395200) extendedPlatform(0)
Refreshing native plugins compatible for Editor in 1.61 ms, found 3 plugins.
Preloading 0 native plugins for Editor in 0.00 ms.
Unloading 2106 Unused Serialized files (Serialized files now loaded: 0)
System memory in use before: 85.5 MB.
System memory in use after: 85.6 MB.

Unloading 61 unused Assets to reduce memory usage. Loaded Objects now: 2503.
Total: 10.870600 ms (FindLiveObjects: 0.497300 ms CreateObjectMapping: 0.128400 ms MarkObjects: 10.106000 ms  DeleteObjects: 0.136400 ms)

AssetImportParameters requested are different than current active one (requested -> active):
  custom:framework-win-MediaFoundation: 216162199b28c13a410421893ffa2e32 -> 
  custom:video-decoder-ogg-theora: a1e56fd34408186e4bbccfd4996cb3dc -> 
  custom:container-muxer-webm: aa71ff27fc2769a1b78a27578f13a17b -> 
  custom:container-demuxer-webm: 4f35f7cbe854078d1ac9338744f61a02 -> 
  custom:container-demuxer-ogg: 62fdf1f143b41e24485cea50d1cbac27 -> 
  custom:video-encoder-webm-vp8: eb34c28f22e8b96e1ab97ce403110664 -> 
  custom:video-decoder-webm-vp8: 9c59270c3fd7afecdb556c50c9e8de78 -> 
  custom:graphics/normal-map-encoding: 01000000000000000000000000000000 -> 02000000000000000000000000000000
  custom:audio-decoder-ogg-vorbis: bf7c407c2cedff20999df2af8eb42d56 -> 
  custom:audio-encoder-webm-vorbis: bf7c407c2cedff20999df2af8eb42d56 -> 
========================================================================
Received Prepare
Registering precompiled user dll's ...
Registered in 0.013175 seconds.
Begin MonoManager ReloadAssembly
Native extension for WindowsStandalone target not found
Native extension for WebGL target not found
Refreshing native plugins compatible for Editor in 1.73 ms, found 3 plugins.
Preloading 0 native plugins for Editor in 0.00 ms.
Mono: successfully reloaded assembly
- Completed reload, in  2.904 seconds
Platform modules already initialized, skipping
Switching build target platform(19) subTarget(0) extendedPlatform(0) -> platform(13) subTarget(537395200) extendedPlatform(0)
Refreshing native plugins compatible for Editor in 1.94 ms, found 3 plugins.
Preloading 0 native plugins for Editor in 0.00 ms.
Unloading 2106 Unused Serialized files (Serialized files now loaded: 0)
System memory in use before: 85.6 MB.
System memory in use after: 85.7 MB.

Unloading 61 unused Assets to reduce memory usage. Loaded Objects now: 2506.
Total: 26.723500 ms (FindLiveObjects: 0.493600 ms CreateObjectMapping: 0.315900 ms MarkObjects: 25.743400 ms  DeleteObjects: 0.167200 ms)

AssetImportParameters requested are different than current active one (requested -> active):
  custom:framework-win-MediaFoundation: 216162199b28c13a410421893ffa2e32 -> 
  custom:video-decoder-ogg-theora: a1e56fd34408186e4bbccfd4996cb3dc -> 
  custom:container-muxer-webm: aa71ff27fc2769a1b78a27578f13a17b -> 
  custom:container-demuxer-webm: 4f35f7cbe854078d1ac9338744f61a02 -> 
  custom:container-demuxer-ogg: 62fdf1f143b41e24485cea50d1cbac27 -> 
  custom:video-encoder-webm-vp8: eb34c28f22e8b96e1ab97ce403110664 -> 
  custom:video-decoder-webm-vp8: 9c59270c3fd7afecdb556c50c9e8de78 -> 
  custom:graphics/normal-map-encoding: 01000000000000000000000000000000 -> 02000000000000000000000000000000
  custom:audio-decoder-ogg-vorbis: bf7c407c2cedff20999df2af8eb42d56 -> 
  custom:audio-encoder-webm-vorbis: bf7c407c2cedff20999df2af8eb42d56 -> 
========================================================================
Received Import Request.
  Time since last request: 846.537620 seconds.
  path: Assets/Scripts/Question banks
  artifactKey: Guid(d24d3422523cc8956b810fd68765c7b9) Importer(815301076,1909f56bfc062723c751e8b465ee728b)
Start importing Assets/Scripts/Question banks using Guid(d24d3422523cc8956b810fd68765c7b9) Importer(815301076,1909f56bfc062723c751e8b465ee728b)  -> (artifact id: '62ec6044c5dc3c12bfa340d1cdcdb32c') in 0.020602 seconds 
  Import took 0.027900 seconds .

========================================================================
Received Import Request.
  Time since last request: 15.010037 seconds.
  path: Assets/Scripts/Question banks/DomesticAnimalQuestionBank.cs
  artifactKey: Guid(58d9571ce6b4a114c8d8e96b9870c281) Importer(815301076,1909f56bfc062723c751e8b465ee728b)
Start importing Assets/Scripts/Question banks/DomesticAnimalQuestionBank.cs using Guid(58d9571ce6b4a114c8d8e96b9870c281) Importer(815301076,1909f56bfc062723c751e8b465ee728b)  -> (artifact id: 'aba741dc49137dfe26a742a39395e6e4') in 0.028576 seconds 
  Import took 0.038332 seconds .

AssetImportWorkerClient::OnTransportError - code=2 error=End of file
